app/build/intermediates/manifest_merge_blame_file/debug/processDebugMainManifest/manifest-merger-blame-debug-report.txt
1<?xml version="1.0" encoding="utf-8"?>
2<manifest xmlns:android="http://schemas.android.com/apk/res/android"
3    package="com.aviatorchrono.app"
4    android:versionCode="1"
5    android:versionName="1.0" >
6
7    <uses-sdk
8        android:minSdkVersion="30"
9        android:targetSdkVersion="34" />
10
11    <!-- Standalone: installs and runs without requiring a paired phone app -->
12    <uses-feature
12-->src\main\AndroidManifest.xml:5:5-88
13        android:name="android.hardware.type.watch"
13-->src\main\AndroidManifest.xml:5:19-61
14        android:required="true" />
14-->src\main\AndroidManifest.xml:5:62-85
15
16    <permission
16-->[androidx.core:core:1.13.1] AndroidManifest.xml:22:5-24:47
17        android:name="com.aviatorchrono.app.DYNAMIC_RECEIVER_NOT_EXPORTED_PERMISSION"
17-->[androidx.core:core:1.13.1] AndroidManifest.xml:23:9-81
18        android:protectionLevel="signature" />
18-->[androidx.core:core:1.13.1] AndroidManifest.xml:24:9-44
19
20    <uses-permission android:name="com.aviatorchrono.app.DYNAMIC_RECEIVER_NOT_EXPORTED_PERMISSION" />
20-->[androidx.core:core:1.13.1] AndroidManifest.xml:26:5-97
20-->[androidx.core:core:1.13.1] AndroidManifest.xml:26:22-94
21
22    <application
22-->src\main\AndroidManifest.xml:7:5-28:19
23        android:allowBackup="true"
23-->src\main\AndroidManifest.xml:8:9-35
24        android:appComponentFactory="androidx.core.app.CoreComponentFactory"
24-->[androidx.core:core:1.13.1] AndroidManifest.xml:28:18-86
25        android:debuggable="true"
26        android:extractNativeLibs="false"
27        android:icon="@mipmap/ic_launcher"
27-->src\main\AndroidManifest.xml:9:9-43
28        android:label="Aviator Chrono"
28-->src\main\AndroidManifest.xml:10:9-39
29        android:testOnly="true"
30        android:theme="@android:style/Theme.DeviceDefault" >
30-->src\main\AndroidManifest.xml:11:9-59
31
32        <!-- Declares this as usable without a companion phone app -->
33        <meta-data
33-->src\main\AndroidManifest.xml:14:9-16:36
34            android:name="com.google.android.wearable.standalone"
34-->src\main\AndroidManifest.xml:15:13-66
35            android:value="true" />
35-->src\main\AndroidManifest.xml:16:13-33
36
37        <activity
37-->src\main\AndroidManifest.xml:18:9-27:20
38            android:name="com.aviatorchrono.app.MainActivity"
38-->src\main\AndroidManifest.xml:19:13-41
39            android:exported="true"
39-->src\main\AndroidManifest.xml:20:13-36
40            android:screenOrientation="unspecified"
40-->src\main\AndroidManifest.xml:21:13-52
41            android:theme="@android:style/Theme.DeviceDefault" >
41-->src\main\AndroidManifest.xml:22:13-63
42            <intent-filter>
42-->src\main\AndroidManifest.xml:23:13-26:29
43                <action android:name="android.intent.action.MAIN" />
43-->src\main\AndroidManifest.xml:24:17-69
43-->src\main\AndroidManifest.xml:24:25-66
44
45                <category android:name="android.intent.category.LAUNCHER" />
45-->src\main\AndroidManifest.xml:25:17-77
45-->src\main\AndroidManifest.xml:25:27-74
46            </intent-filter>
47        </activity>
48
49        <uses-library
49-->[androidx.wear:wear:1.3.0] AndroidManifest.xml:23:9-25:40
50            android:name="com.google.android.wearable"
50-->[androidx.wear:wear:1.3.0] AndroidManifest.xml:24:13-55
51            android:required="false" />
51-->[androidx.wear:wear:1.3.0] AndroidManifest.xml:25:13-37
52
53        <provider
53-->[androidx.emoji2:emoji2:1.3.0] AndroidManifest.xml:24:9-32:20
54            android:name="androidx.startup.InitializationProvider"
54-->[androidx.emoji2:emoji2:1.3.0] AndroidManifest.xml:25:13-67
55            android:authorities="com.aviatorchrono.app.androidx-startup"
55-->[androidx.emoji2:emoji2:1.3.0] AndroidManifest.xml:26:13-68
56            android:exported="false" >
56-->[androidx.emoji2:emoji2:1.3.0] AndroidManifest.xml:27:13-37
57            <meta-data
57-->[androidx.emoji2:emoji2:1.3.0] AndroidManifest.xml:29:13-31:52
58                android:name="androidx.emoji2.text.EmojiCompatInitializer"
58-->[androidx.emoji2:emoji2:1.3.0] AndroidManifest.xml:30:17-75
59                android:value="androidx.startup" />
59-->[androidx.emoji2:emoji2:1.3.0] AndroidManifest.xml:31:17-49
60            <meta-data
60-->[androidx.lifecycle:lifecycle-process:2.8.2] AndroidManifest.xml:29:13-31:52
61                android:name="androidx.lifecycle.ProcessLifecycleInitializer"
61-->[androidx.lifecycle:lifecycle-process:2.8.2] AndroidManifest.xml:30:17-78
62                android:value="androidx.startup" />
62-->[androidx.lifecycle:lifecycle-process:2.8.2] AndroidManifest.xml:31:17-49
63            <meta-data
63-->[androidx.profileinstaller:profileinstaller:1.3.1] AndroidManifest.xml:29:13-31:52
64                android:name="androidx.profileinstaller.ProfileInstallerInitializer"
64-->[androidx.profileinstaller:profileinstaller:1.3.1] AndroidManifest.xml:30:17-85
65                android:value="androidx.startup" />
65-->[androidx.profileinstaller:profileinstaller:1.3.1] AndroidManifest.xml:31:17-49
66        </provider>
67
68        <receiver
68-->[androidx.profileinstaller:profileinstaller:1.3.1] AndroidManifest.xml:34:9-52:20
69            android:name="androidx.profileinstaller.ProfileInstallReceiver"
69-->[androidx.profileinstaller:profileinstaller:1.3.1] AndroidManifest.xml:35:13-76
70            android:directBootAware="false"
70-->[androidx.profileinstaller:profileinstaller:1.3.1] AndroidManifest.xml:36:13-44
71            android:enabled="true"
71-->[androidx.profileinstaller:profileinstaller:1.3.1] AndroidManifest.xml:37:13-35
72            android:exported="true"
72-->[androidx.profileinstaller:profileinstaller:1.3.1] AndroidManifest.xml:38:13-36
73            android:permission="android.permission.DUMP" >
73-->[androidx.profileinstaller:profileinstaller:1.3.1] AndroidManifest.xml:39:13-57
74            <intent-filter>
74-->[androidx.profileinstaller:profileinstaller:1.3.1] AndroidManifest.xml:40:13-42:29
75                <action android:name="androidx.profileinstaller.action.INSTALL_PROFILE" />
75-->[androidx.profileinstaller:profileinstaller:1.3.1] AndroidManifest.xml:41:17-91
75-->[androidx.profileinstaller:profileinstaller:1.3.1] AndroidManifest.xml:41:25-88
76            </intent-filter>
77            <intent-filter>
77-->[androidx.profileinstaller:profileinstaller:1.3.1] AndroidManifest.xml:43:13-45:29
78                <action android:name="androidx.profileinstaller.action.SKIP_FILE" />
78-->[androidx.profileinstaller:profileinstaller:1.3.1] AndroidManifest.xml:44:17-85
78-->[androidx.profileinstaller:profileinstaller:1.3.1] AndroidManifest.xml:44:25-82
79            </intent-filter>
80            <intent-filter>
80-->[androidx.profileinstaller:profileinstaller:1.3.1] AndroidManifest.xml:46:13-48:29
81                <action android:name="androidx.profileinstaller.action.SAVE_PROFILE" />
81-->[androidx.profileinstaller:profileinstaller:1.3.1] AndroidManifest.xml:47:17-88
81-->[androidx.profileinstaller:profileinstaller:1.3.1] AndroidManifest.xml:47:25-85
82            </intent-filter>
83            <intent-filter>
83-->[androidx.profileinstaller:profileinstaller:1.3.1] AndroidManifest.xml:49:13-51:29
84                <action android:name="androidx.profileinstaller.action.BENCHMARK_OPERATION" />
84-->[androidx.profileinstaller:profileinstaller:1.3.1] AndroidManifest.xml:50:17-95
84-->[androidx.profileinstaller:profileinstaller:1.3.1] AndroidManifest.xml:50:25-92
85            </intent-filter>
86        </receiver>
87    </application>
88
89</manifest>